[0.227s] DEBUG:colcon:Command line arguments: ['/usr/bin/colcon', 'build', '--symlink-install']
[0.228s] DEBUG:colcon:Parsed command line arguments: Namespace(log_base=None, log_level=None, verb_name='build', build_base='build', install_base='install', merge_install=False, symlink_install=True, test_result_base=None, continue_on_error=False, executor='parallel', parallel_workers=16, event_handlers=None, ignore_user_meta=False, metas=['./colcon.meta'], base_paths=['.'], packages_ignore=None, packages_ignore_regex=None, paths=None, packages_up_to=None, packages_up_to_regex=None, packages_above=None, packages_above_and_dependencies=None, packages_above_depth=None, packages_select_by_dep=None, packages_skip_by_dep=None, packages_skip_up_to=None, packages_select_build_failed=False, packages_skip_build_finished=False, packages_select_test_failures=False, packages_skip_test_passed=False, packages_select=None, packages_skip=None, packages_select_regex=None, packages_skip_regex=None, packages_start=None, packages_end=None, allow_overriding=[], cargo_args=None, clean_build=False, lookup_in_workspace=False, cmake_args=None, cmake_target=None, cmake_target_skip_unavailable=False, cmake_clean_cache=False, cmake_clean_first=False, cmake_force_configure=False, ament_cmake_args=None, catkin_cmake_args=None, catkin_skip_building_tests=False, mixin_files=None, mixin=None, verb_parser=<colcon_mixin.mixin.mixin_argument.MixinArgumentDecorator object at 0x72afa9fc2020>, verb_extension=<colcon_core.verb.build.BuildVerb object at 0x72afa9fc3fa0>, main=<bound method BuildVerb.main of <colcon_core.verb.build.BuildVerb object at 0x72afa9fc3fa0>>, mixin_verb=('build',))
[0.661s] Level 1:colcon.colcon_core.package_discovery:discover_packages(colcon_meta) check parameters
[0.661s] Level 1:colcon.colcon_core.package_discovery:discover_packages(recursive) check parameters
[0.661s] Level 1:colcon.colcon_core.package_discovery:discover_packages(ignore) check parameters
[0.661s] Level 1:colcon.colcon_core.package_discovery:discover_packages(path) check parameters
[0.661s] Level 1:colcon.colcon_core.package_discovery:discover_packages(colcon_meta) discover
[0.661s] Level 1:colcon.colcon_core.package_discovery:discover_packages(recursive) discover
[0.661s] INFO:colcon.colcon_core.package_discovery:Crawling recursively for packages in '/home/frozn/control_cmd_publisher'
[0.661s] Level 1:colcon.colcon_core.package_identification:_identify(.) by extensions ['ignore', 'ignore_ament_install']
[0.661s] Level 1:colcon.colcon_core.package_identification:_identify(.) by extension 'ignore'
[0.661s] Level 1:colcon.colcon_core.package_identification:_identify(.) by extension 'ignore_ament_install'
[0.661s] Level 1:colcon.colcon_core.package_identification:_identify(.) by extensions ['colcon_pkg']
[0.661s] Level 1:colcon.colcon_core.package_identification:_identify(.) by extension 'colcon_pkg'
[0.661s] Level 1:colcon.colcon_core.package_identification:_identify(.) by extensions ['colcon_meta']
[0.661s] Level 1:colcon.colcon_core.package_identification:_identify(.) by extension 'colcon_meta'
[0.661s] Level 1:colcon.colcon_core.package_identification:_identify(.) by extensions ['ament_cargo']
[0.661s] Level 1:colcon.colcon_core.package_identification:_identify(.) by extension 'ament_cargo'
[0.662s] Level 1:colcon.colcon_core.package_identification:_identify(.) by extensions ['ros']
[0.662s] Level 1:colcon.colcon_core.package_identification:_identify(.) by extension 'ros'
[0.673s] DEBUG:colcon.colcon_core.package_identification:Package '.' with type 'ros.ament_python' and name 'control_cmd_publisher'
[0.673s] Level 1:colcon.colcon_core.package_discovery:discover_packages(recursive) using defaults
[0.673s] Level 1:colcon.colcon_core.package_discovery:discover_packages(ignore) discover
[0.673s] Level 1:colcon.colcon_core.package_discovery:discover_packages(ignore) using defaults
[0.673s] Level 1:colcon.colcon_core.package_discovery:discover_packages(path) discover
[0.673s] Level 1:colcon.colcon_core.package_discovery:discover_packages(path) using defaults
[0.695s] Level 1:colcon.colcon_core.package_discovery:discover_packages(prefix_path) check parameters
[0.695s] Level 1:colcon.colcon_core.package_discovery:discover_packages(prefix_path) discover
[0.698s] DEBUG:colcon.colcon_installed_package_information.package_discovery:Found 355 installed packages in /opt/ros/humble
[0.699s] Level 1:colcon.colcon_core.package_discovery:discover_packages(prefix_path) using defaults
[0.734s] Level 5:colcon.colcon_core.verb:set package 'control_cmd_publisher' build argument 'cargo_args' from command line to 'None'
[0.734s] Level 5:colcon.colcon_core.verb:set package 'control_cmd_publisher' build argument 'clean_build' from command line to 'False'
[0.734s] Level 5:colcon.colcon_core.verb:set package 'control_cmd_publisher' build argument 'lookup_in_workspace' from command line to 'False'
[0.734s] Level 5:colcon.colcon_core.verb:set package 'control_cmd_publisher' build argument 'cmake_args' from command line to 'None'
[0.734s] Level 5:colcon.colcon_core.verb:set package 'control_cmd_publisher' build argument 'cmake_target' from command line to 'None'
[0.734s] Level 5:colcon.colcon_core.verb:set package 'control_cmd_publisher' build argument 'cmake_target_skip_unavailable' from command line to 'False'
[0.734s] Level 5:colcon.colcon_core.verb:set package 'control_cmd_publisher' build argument 'cmake_clean_cache' from command line to 'False'
[0.734s] Level 5:colcon.colcon_core.verb:set package 'control_cmd_publisher' build argument 'cmake_clean_first' from command line to 'False'
[0.734s] Level 5:colcon.colcon_core.verb:set package 'control_cmd_publisher' build argument 'cmake_force_configure' from command line to 'False'
[0.734s] Level 5:colcon.colcon_core.verb:set package 'control_cmd_publisher' build argument 'ament_cmake_args' from command line to 'None'
[0.734s] Level 5:colcon.colcon_core.verb:set package 'control_cmd_publisher' build argument 'catkin_cmake_args' from command line to 'None'
[0.734s] Level 5:colcon.colcon_core.verb:set package 'control_cmd_publisher' build argument 'catkin_skip_building_tests' from command line to 'False'
[0.734s] DEBUG:colcon.colcon_core.verb:Building package 'control_cmd_publisher' with the following arguments: {'ament_cmake_args': None, 'build_base': '/home/frozn/control_cmd_publisher/build/control_cmd_publisher', 'cargo_args': None, 'catkin_cmake_args': None, 'catkin_skip_building_tests': False, 'clean_build': False, 'cmake_args': None, 'cmake_clean_cache': False, 'cmake_clean_first': False, 'cmake_force_configure': False, 'cmake_target': None, 'cmake_target_skip_unavailable': False, 'install_base': '/home/frozn/control_cmd_publisher/install/control_cmd_publisher', 'lookup_in_workspace': False, 'merge_install': False, 'path': '/home/frozn/control_cmd_publisher', 'symlink_install': True, 'test_result_base': None}
[0.734s] INFO:colcon.colcon_core.executor:Executing jobs using 'parallel' executor
[0.735s] DEBUG:colcon.colcon_parallel_executor.executor.parallel:run_until_complete
[0.735s] INFO:colcon.colcon_ros.task.ament_python.build:Building ROS package in '/home/frozn/control_cmd_publisher' with build type 'ament_python'
[0.735s] Level 1:colcon.colcon_core.shell:create_environment_hook('control_cmd_publisher', 'ament_prefix_path')
[0.742s] INFO:colcon.colcon_core.plugin_system:Skipping extension 'colcon_core.shell.bat': Not used on non-Windows systems
[0.742s] INFO:colcon.colcon_core.shell:Creating environment hook '/home/frozn/control_cmd_publisher/install/control_cmd_publisher/share/control_cmd_publisher/hook/ament_prefix_path.ps1'
[0.743s] INFO:colcon.colcon_core.shell:Creating environment descriptor '/home/frozn/control_cmd_publisher/install/control_cmd_publisher/share/control_cmd_publisher/hook/ament_prefix_path.dsv'
[0.743s] INFO:colcon.colcon_core.shell:Creating environment hook '/home/frozn/control_cmd_publisher/install/control_cmd_publisher/share/control_cmd_publisher/hook/ament_prefix_path.sh'
[0.744s] INFO:colcon.colcon_core.shell:Skip shell extension 'powershell' for command environment: Not usable outside of PowerShell
[0.744s] DEBUG:colcon.colcon_core.shell:Skip shell extension 'dsv' for command environment
[0.999s] INFO:colcon.colcon_core.task.python.build:Building Python package in '/home/frozn/control_cmd_publisher'
[1.000s] INFO:colcon.colcon_core.shell:Skip shell extension 'powershell' for command environment: Not usable outside of PowerShell
[1.000s] DEBUG:colcon.colcon_core.shell:Skip shell extension 'dsv' for command environment
[1.476s] DEBUG:colcon.colcon_core.event_handler.log_command:Invoking command in '/home/frozn/control_cmd_publisher/build/control_cmd_publisher': PYTHONPATH=/home/frozn/control_cmd_publisher/build/control_cmd_publisher/prefix_override:/home/frozn/control_cmd_publisher/install/control_cmd_publisher/lib/python3.10/site-packages:${PYTHONPATH} /usr/bin/python3 -W ignore:setup.py install is deprecated setup.py develop --editable --build-directory /home/frozn/control_cmd_publisher/build/control_cmd_publisher/build --no-deps symlink_data
[1.977s] Level 1:colcon.colcon_core.shell:create_environment_hook('control_cmd_publisher', 'pythonpath_develop')
[1.977s] INFO:colcon.colcon_core.shell:Creating environment hook '/home/frozn/control_cmd_publisher/build/control_cmd_publisher/share/control_cmd_publisher/hook/pythonpath_develop.ps1'
[1.978s] DEBUG:colcon.colcon_core.event_handler.log_command:Invoked command in '/home/frozn/control_cmd_publisher/build/control_cmd_publisher' returned '0': PYTHONPATH=/home/frozn/control_cmd_publisher/build/control_cmd_publisher/prefix_override:/home/frozn/control_cmd_publisher/install/control_cmd_publisher/lib/python3.10/site-packages:${PYTHONPATH} /usr/bin/python3 -W ignore:setup.py install is deprecated setup.py develop --editable --build-directory /home/frozn/control_cmd_publisher/build/control_cmd_publisher/build --no-deps symlink_data
[1.978s] INFO:colcon.colcon_core.shell:Creating environment descriptor '/home/frozn/control_cmd_publisher/build/control_cmd_publisher/share/control_cmd_publisher/hook/pythonpath_develop.dsv'
[1.978s] INFO:colcon.colcon_core.shell:Creating environment hook '/home/frozn/control_cmd_publisher/build/control_cmd_publisher/share/control_cmd_publisher/hook/pythonpath_develop.sh'
[1.984s] Level 1:colcon.colcon_core.environment:checking '/home/frozn/control_cmd_publisher/install/control_cmd_publisher' for CMake module files
[1.984s] Level 1:colcon.colcon_core.environment:checking '/home/frozn/control_cmd_publisher/install/control_cmd_publisher' for CMake config files
[1.984s] Level 1:colcon.colcon_core.environment:checking '/home/frozn/control_cmd_publisher/install/control_cmd_publisher/lib'
[1.985s] Level 1:colcon.colcon_core.environment:checking '/home/frozn/control_cmd_publisher/install/control_cmd_publisher/bin'
[1.985s] Level 1:colcon.colcon_core.environment:checking '/home/frozn/control_cmd_publisher/install/control_cmd_publisher/lib/pkgconfig/control_cmd_publisher.pc'
[1.985s] Level 1:colcon.colcon_core.environment:checking '/home/frozn/control_cmd_publisher/install/control_cmd_publisher/lib/python3.10/site-packages'
[1.985s] Level 1:colcon.colcon_core.shell:create_environment_hook('control_cmd_publisher', 'pythonpath')
[1.985s] INFO:colcon.colcon_core.shell:Creating environment hook '/home/frozn/control_cmd_publisher/install/control_cmd_publisher/share/control_cmd_publisher/hook/pythonpath.ps1'
[1.985s] INFO:colcon.colcon_core.shell:Creating environment descriptor '/home/frozn/control_cmd_publisher/install/control_cmd_publisher/share/control_cmd_publisher/hook/pythonpath.dsv'
[1.985s] INFO:colcon.colcon_core.shell:Creating environment hook '/home/frozn/control_cmd_publisher/install/control_cmd_publisher/share/control_cmd_publisher/hook/pythonpath.sh'
[1.986s] Level 1:colcon.colcon_core.environment:checking '/home/frozn/control_cmd_publisher/install/control_cmd_publisher/bin'
[1.986s] Level 1:colcon.colcon_core.environment:create_environment_scripts_only(control_cmd_publisher)
[1.986s] INFO:colcon.colcon_core.shell:Creating package script '/home/frozn/control_cmd_publisher/install/control_cmd_publisher/share/control_cmd_publisher/package.ps1'
[1.987s] INFO:colcon.colcon_core.shell:Creating package descriptor '/home/frozn/control_cmd_publisher/install/control_cmd_publisher/share/control_cmd_publisher/package.dsv'
[1.987s] INFO:colcon.colcon_core.shell:Creating package script '/home/frozn/control_cmd_publisher/install/control_cmd_publisher/share/control_cmd_publisher/package.sh'
[1.988s] INFO:colcon.colcon_core.shell:Creating package script '/home/frozn/control_cmd_publisher/install/control_cmd_publisher/share/control_cmd_publisher/package.bash'
[1.989s] INFO:colcon.colcon_core.shell:Creating package script '/home/frozn/control_cmd_publisher/install/control_cmd_publisher/share/control_cmd_publisher/package.zsh'
[1.990s] Level 1:colcon.colcon_core.environment:create_file_with_runtime_dependencies(/home/frozn/control_cmd_publisher/install/control_cmd_publisher/share/colcon-core/packages/control_cmd_publisher)
[1.990s] DEBUG:colcon.colcon_parallel_executor.executor.parallel:closing loop
[1.990s] DEBUG:colcon.colcon_parallel_executor.executor.parallel:loop closed
[1.990s] DEBUG:colcon.colcon_parallel_executor.executor.parallel:run_until_complete finished with '0'
[1.990s] DEBUG:colcon.colcon_core.event_reactor:joining thread
[2.001s] INFO:colcon.colcon_core.plugin_system:Skipping extension 'colcon_notification.desktop_notification.terminal_notifier': Not used on non-Darwin systems
[2.001s] INFO:colcon.colcon_core.plugin_system:Skipping extension 'colcon_notification.desktop_notification.win32': Not used on non-Windows systems
[2.001s] INFO:colcon.colcon_notification.desktop_notification:Sending desktop notification using 'notify2'
