[0.184s] DEBUG:colcon:Command line arguments: ['/usr/bin/colcon', 'build', '--symlink-install']
[0.184s] DEBUG:colcon:Parsed command line arguments: Namespace(log_base=None, log_level=None, verb_name='build', build_base='build', install_base='install', merge_install=False, symlink_install=True, test_result_base=None, continue_on_error=False, executor='parallel', parallel_workers=16, event_handlers=None, ignore_user_meta=False, metas=['./colcon.meta'], base_paths=['.'], packages_ignore=None, packages_ignore_regex=None, paths=None, packages_up_to=None, packages_up_to_regex=None, packages_above=None, packages_above_and_dependencies=None, packages_above_depth=None, packages_select_by_dep=None, packages_skip_by_dep=None, packages_skip_up_to=None, packages_select_build_failed=False, packages_skip_build_finished=False, packages_select_test_failures=False, packages_skip_test_passed=False, packages_select=None, packages_skip=None, packages_select_regex=None, packages_skip_regex=None, packages_start=None, packages_end=None, allow_overriding=[], cargo_args=None, clean_build=False, lookup_in_workspace=False, cmake_args=None, cmake_target=None, cmake_target_skip_unavailable=False, cmake_clean_cache=False, cmake_clean_first=False, cmake_force_configure=False, ament_cmake_args=None, catkin_cmake_args=None, catkin_skip_building_tests=False, mixin_files=None, mixin=None, verb_parser=<colcon_mixin.mixin.mixin_argument.MixinArgumentDecorator object at 0x7089ca31a020>, verb_extension=<colcon_core.verb.build.BuildVerb object at 0x7089ca31bfa0>, main=<bound method BuildVerb.main of <colcon_core.verb.build.BuildVerb object at 0x7089ca31bfa0>>, mixin_verb=('build',))
[0.480s] Level 1:colcon.colcon_core.package_discovery:discover_packages(colcon_meta) check parameters
[0.480s] Level 1:colcon.colcon_core.package_discovery:discover_packages(recursive) check parameters
[0.480s] Level 1:colcon.colcon_core.package_discovery:discover_packages(ignore) check parameters
[0.480s] Level 1:colcon.colcon_core.package_discovery:discover_packages(path) check parameters
[0.480s] Level 1:colcon.colcon_core.package_discovery:discover_packages(colcon_meta) discover
[0.480s] Level 1:colcon.colcon_core.package_discovery:discover_packages(recursive) discover
[0.480s] INFO:colcon.colcon_core.package_discovery:Crawling recursively for packages in '/home/frozn/control_cmd_publisher'
[0.480s] Level 1:colcon.colcon_core.package_identification:_identify(.) by extensions ['ignore', 'ignore_ament_install']
[0.481s] Level 1:colcon.colcon_core.package_identification:_identify(.) by extension 'ignore'
[0.481s] Level 1:colcon.colcon_core.package_identification:_identify(.) by extension 'ignore_ament_install'
[0.481s] Level 1:colcon.colcon_core.package_identification:_identify(.) by extensions ['colcon_pkg']
[0.481s] Level 1:colcon.colcon_core.package_identification:_identify(.) by extension 'colcon_pkg'
[0.481s] Level 1:colcon.colcon_core.package_identification:_identify(.) by extensions ['colcon_meta']
[0.481s] Level 1:colcon.colcon_core.package_identification:_identify(.) by extension 'colcon_meta'
[0.481s] Level 1:colcon.colcon_core.package_identification:_identify(.) by extensions ['ament_cargo']
[0.481s] Level 1:colcon.colcon_core.package_identification:_identify(.) by extension 'ament_cargo'
[0.481s] Level 1:colcon.colcon_core.package_identification:_identify(.) by extensions ['ros']
[0.481s] Level 1:colcon.colcon_core.package_identification:_identify(.) by extension 'ros'
[0.516s] DEBUG:colcon.colcon_core.package_identification:Package '.' with type 'ros.ament_python' and name 'control_cmd_publisher'
[0.516s] Level 1:colcon.colcon_core.package_discovery:discover_packages(recursive) using defaults
[0.516s] Level 1:colcon.colcon_core.package_discovery:discover_packages(ignore) discover
[0.516s] Level 1:colcon.colcon_core.package_discovery:discover_packages(ignore) using defaults
[0.516s] Level 1:colcon.colcon_core.package_discovery:discover_packages(path) discover
[0.516s] Level 1:colcon.colcon_core.package_discovery:discover_packages(path) using defaults
[0.539s] Level 1:colcon.colcon_core.package_discovery:discover_packages(prefix_path) check parameters
[0.539s] Level 1:colcon.colcon_core.package_discovery:discover_packages(prefix_path) discover
[0.553s] DEBUG:colcon.colcon_installed_package_information.package_discovery:Found 1 installed packages in /home/frozn/control_cmd_publisher/install
[0.560s] DEBUG:colcon.colcon_installed_package_information.package_discovery:Found 329 installed packages in /home/frozn/autoware/install
[0.563s] DEBUG:colcon.colcon_installed_package_information.package_discovery:Found 61 installed packages in /home/frozn/yabloc_ws/install
[0.565s] DEBUG:colcon.colcon_installed_package_information.package_discovery:Found 355 installed packages in /opt/ros/humble
[0.567s] Level 1:colcon.colcon_core.package_discovery:discover_packages(prefix_path) using defaults
[3.120s] Level 5:colcon.colcon_core.verb:set package 'control_cmd_publisher' build argument 'cargo_args' from command line to 'None'
[3.120s] Level 5:colcon.colcon_core.verb:set package 'control_cmd_publisher' build argument 'clean_build' from command line to 'False'
[3.120s] Level 5:colcon.colcon_core.verb:set package 'control_cmd_publisher' build argument 'lookup_in_workspace' from command line to 'False'
[3.120s] Level 5:colcon.colcon_core.verb:set package 'control_cmd_publisher' build argument 'cmake_args' from command line to 'None'
[3.121s] Level 5:colcon.colcon_core.verb:set package 'control_cmd_publisher' build argument 'cmake_target' from command line to 'None'
[3.121s] Level 5:colcon.colcon_core.verb:set package 'control_cmd_publisher' build argument 'cmake_target_skip_unavailable' from command line to 'False'
[3.121s] Level 5:colcon.colcon_core.verb:set package 'control_cmd_publisher' build argument 'cmake_clean_cache' from command line to 'False'
[3.121s] Level 5:colcon.colcon_core.verb:set package 'control_cmd_publisher' build argument 'cmake_clean_first' from command line to 'False'
[3.121s] Level 5:colcon.colcon_core.verb:set package 'control_cmd_publisher' build argument 'cmake_force_configure' from command line to 'False'
[3.121s] Level 5:colcon.colcon_core.verb:set package 'control_cmd_publisher' build argument 'ament_cmake_args' from command line to 'None'
[3.121s] Level 5:colcon.colcon_core.verb:set package 'control_cmd_publisher' build argument 'catkin_cmake_args' from command line to 'None'
[3.121s] Level 5:colcon.colcon_core.verb:set package 'control_cmd_publisher' build argument 'catkin_skip_building_tests' from command line to 'False'
[3.121s] DEBUG:colcon.colcon_core.verb:Building package 'control_cmd_publisher' with the following arguments: {'ament_cmake_args': None, 'build_base': '/home/frozn/control_cmd_publisher/build/control_cmd_publisher', 'cargo_args': None, 'catkin_cmake_args': None, 'catkin_skip_building_tests': False, 'clean_build': False, 'cmake_args': None, 'cmake_clean_cache': False, 'cmake_clean_first': False, 'cmake_force_configure': False, 'cmake_target': None, 'cmake_target_skip_unavailable': False, 'install_base': '/home/frozn/control_cmd_publisher/install/control_cmd_publisher', 'lookup_in_workspace': False, 'merge_install': False, 'path': '/home/frozn/control_cmd_publisher', 'symlink_install': True, 'test_result_base': None}
[3.121s] INFO:colcon.colcon_core.executor:Executing jobs using 'parallel' executor
[3.122s] DEBUG:colcon.colcon_parallel_executor.executor.parallel:run_until_complete
[3.122s] INFO:colcon.colcon_ros.task.ament_python.build:Building ROS package in '/home/frozn/control_cmd_publisher' with build type 'ament_python'
[3.122s] Level 1:colcon.colcon_core.shell:create_environment_hook('control_cmd_publisher', 'ament_prefix_path')
[3.127s] INFO:colcon.colcon_core.plugin_system:Skipping extension 'colcon_core.shell.bat': Not used on non-Windows systems
[3.127s] INFO:colcon.colcon_core.shell:Creating environment hook '/home/frozn/control_cmd_publisher/install/control_cmd_publisher/share/control_cmd_publisher/hook/ament_prefix_path.ps1'
[3.127s] INFO:colcon.colcon_core.shell:Creating environment descriptor '/home/frozn/control_cmd_publisher/install/control_cmd_publisher/share/control_cmd_publisher/hook/ament_prefix_path.dsv'
[3.128s] INFO:colcon.colcon_core.shell:Creating environment hook '/home/frozn/control_cmd_publisher/install/control_cmd_publisher/share/control_cmd_publisher/hook/ament_prefix_path.sh'
[3.128s] INFO:colcon.colcon_core.shell:Skip shell extension 'powershell' for command environment: Not usable outside of PowerShell
[3.129s] DEBUG:colcon.colcon_core.shell:Skip shell extension 'dsv' for command environment
[3.512s] INFO:colcon.colcon_core.task.python.build:Building Python package in '/home/frozn/control_cmd_publisher'
[3.512s] INFO:colcon.colcon_core.shell:Skip shell extension 'powershell' for command environment: Not usable outside of PowerShell
[3.512s] DEBUG:colcon.colcon_core.shell:Skip shell extension 'dsv' for command environment
[4.119s] DEBUG:colcon.colcon_core.event_handler.log_command:Invoking command in '/home/frozn/control_cmd_publisher/build/control_cmd_publisher': PYTHONPATH=/home/frozn/control_cmd_publisher/build/control_cmd_publisher/prefix_override:/home/frozn/control_cmd_publisher/install/control_cmd_publisher/lib/python3.10/site-packages:${PYTHONPATH} /usr/bin/python3 -W ignore:setup.py install is deprecated setup.py develop --editable --build-directory /home/frozn/control_cmd_publisher/build/control_cmd_publisher/build --no-deps symlink_data
[4.790s] Level 1:colcon.colcon_core.shell:create_environment_hook('control_cmd_publisher', 'pythonpath_develop')
[4.790s] INFO:colcon.colcon_core.shell:Creating environment hook '/home/frozn/control_cmd_publisher/build/control_cmd_publisher/share/control_cmd_publisher/hook/pythonpath_develop.ps1'
[4.790s] DEBUG:colcon.colcon_core.event_handler.log_command:Invoked command in '/home/frozn/control_cmd_publisher/build/control_cmd_publisher' returned '0': PYTHONPATH=/home/frozn/control_cmd_publisher/build/control_cmd_publisher/prefix_override:/home/frozn/control_cmd_publisher/install/control_cmd_publisher/lib/python3.10/site-packages:${PYTHONPATH} /usr/bin/python3 -W ignore:setup.py install is deprecated setup.py develop --editable --build-directory /home/frozn/control_cmd_publisher/build/control_cmd_publisher/build --no-deps symlink_data
[4.791s] INFO:colcon.colcon_core.shell:Creating environment descriptor '/home/frozn/control_cmd_publisher/build/control_cmd_publisher/share/control_cmd_publisher/hook/pythonpath_develop.dsv'
[4.791s] INFO:colcon.colcon_core.shell:Creating environment hook '/home/frozn/control_cmd_publisher/build/control_cmd_publisher/share/control_cmd_publisher/hook/pythonpath_develop.sh'
[4.796s] Level 1:colcon.colcon_core.environment:checking '/home/frozn/control_cmd_publisher/install/control_cmd_publisher' for CMake module files
[4.796s] Level 1:colcon.colcon_core.environment:checking '/home/frozn/control_cmd_publisher/install/control_cmd_publisher' for CMake config files
[4.797s] Level 1:colcon.colcon_core.environment:checking '/home/frozn/control_cmd_publisher/install/control_cmd_publisher/lib'
[4.797s] Level 1:colcon.colcon_core.environment:checking '/home/frozn/control_cmd_publisher/install/control_cmd_publisher/bin'
[4.797s] Level 1:colcon.colcon_core.environment:checking '/home/frozn/control_cmd_publisher/install/control_cmd_publisher/lib/pkgconfig/control_cmd_publisher.pc'
[4.797s] Level 1:colcon.colcon_core.environment:checking '/home/frozn/control_cmd_publisher/install/control_cmd_publisher/lib/python3.10/site-packages'
[4.797s] Level 1:colcon.colcon_core.shell:create_environment_hook('control_cmd_publisher', 'pythonpath')
[4.798s] INFO:colcon.colcon_core.shell:Creating environment hook '/home/frozn/control_cmd_publisher/install/control_cmd_publisher/share/control_cmd_publisher/hook/pythonpath.ps1'
[4.798s] INFO:colcon.colcon_core.shell:Creating environment descriptor '/home/frozn/control_cmd_publisher/install/control_cmd_publisher/share/control_cmd_publisher/hook/pythonpath.dsv'
[4.798s] INFO:colcon.colcon_core.shell:Creating environment hook '/home/frozn/control_cmd_publisher/install/control_cmd_publisher/share/control_cmd_publisher/hook/pythonpath.sh'
[4.799s] Level 1:colcon.colcon_core.environment:checking '/home/frozn/control_cmd_publisher/install/control_cmd_publisher/bin'
[4.799s] Level 1:colcon.colcon_core.environment:create_environment_scripts_only(control_cmd_publisher)
[4.799s] INFO:colcon.colcon_core.shell:Creating package script '/home/frozn/control_cmd_publisher/install/control_cmd_publisher/share/control_cmd_publisher/package.ps1'
[4.800s] INFO:colcon.colcon_core.shell:Creating package descriptor '/home/frozn/control_cmd_publisher/install/control_cmd_publisher/share/control_cmd_publisher/package.dsv'
[4.801s] INFO:colcon.colcon_core.shell:Creating package script '/home/frozn/control_cmd_publisher/install/control_cmd_publisher/share/control_cmd_publisher/package.sh'
[4.801s] INFO:colcon.colcon_core.shell:Creating package script '/home/frozn/control_cmd_publisher/install/control_cmd_publisher/share/control_cmd_publisher/package.bash'
[4.802s] INFO:colcon.colcon_core.shell:Creating package script '/home/frozn/control_cmd_publisher/install/control_cmd_publisher/share/control_cmd_publisher/package.zsh'
[4.803s] Level 1:colcon.colcon_core.environment:create_file_with_runtime_dependencies(/home/frozn/control_cmd_publisher/install/control_cmd_publisher/share/colcon-core/packages/control_cmd_publisher)
[4.803s] DEBUG:colcon.colcon_parallel_executor.executor.parallel:closing loop
[4.803s] DEBUG:colcon.colcon_parallel_executor.executor.parallel:loop closed
[4.803s] DEBUG:colcon.colcon_parallel_executor.executor.parallel:run_until_complete finished with '0'
[4.803s] DEBUG:colcon.colcon_core.event_reactor:joining thread
[4.816s] INFO:colcon.colcon_core.plugin_system:Skipping extension 'colcon_notification.desktop_notification.terminal_notifier': Not used on non-Darwin systems
[4.816s] INFO:colcon.colcon_core.plugin_system:Skipping extension 'colcon_notification.desktop_notification.win32': Not used on non-Windows systems
[4.816s] INFO:colcon.colcon_notification.desktop_notification:Sending desktop notification using 'notify2'
[29.842s] DEBUG:colcon.colcon_notification.desktop_notification.notify2:Failed to initialize notify2: org.freedesktop.DBus.Error.NoReply: Did not receive a reply. Possible causes include: the remote application did not send a reply, the message bus security policy blocked the reply, the reply timeout expired, or the network connection was broken.
[29.842s] DEBUG:colcon.colcon_core.event_reactor:joined thread
[29.842s] INFO:colcon.colcon_core.shell:Creating prefix script '/home/frozn/control_cmd_publisher/install/local_setup.ps1'
[29.844s] INFO:colcon.colcon_core.shell:Creating prefix util module '/home/frozn/control_cmd_publisher/install/_local_setup_util_ps1.py'
[29.846s] INFO:colcon.colcon_core.shell:Creating prefix chain script '/home/frozn/control_cmd_publisher/install/setup.ps1'
[29.859s] INFO:colcon.colcon_core.shell:Creating prefix script '/home/frozn/control_cmd_publisher/install/local_setup.sh'
[29.859s] INFO:colcon.colcon_core.shell:Creating prefix util module '/home/frozn/control_cmd_publisher/install/_local_setup_util_sh.py'
[29.860s] INFO:colcon.colcon_core.shell:Creating prefix chain script '/home/frozn/control_cmd_publisher/install/setup.sh'
[29.872s] INFO:colcon.colcon_core.shell:Creating prefix script '/home/frozn/control_cmd_publisher/install/local_setup.bash'
[29.873s] INFO:colcon.colcon_core.shell:Creating prefix chain script '/home/frozn/control_cmd_publisher/install/setup.bash'
[29.884s] INFO:colcon.colcon_core.shell:Creating prefix script '/home/frozn/control_cmd_publisher/install/local_setup.zsh'
[29.885s] INFO:colcon.colcon_core.shell:Creating prefix chain script '/home/frozn/control_cmd_publisher/install/setup.zsh'
