[0.740s] Invoking command in '/home/frozn/control_cmd_publisher/build/control_cmd_publisher': PYTHONPATH=/home/frozn/control_cmd_publisher/build/control_cmd_publisher/prefix_override:/home/frozn/control_cmd_publisher/install/control_cmd_publisher/lib/python3.10/site-packages:${PYTHONPATH} /usr/bin/python3 -W ignore:setup.py install is deprecated setup.py develop --editable --build-directory /home/frozn/control_cmd_publisher/build/control_cmd_publisher/build --no-deps symlink_data
[1.006s] running develop
[1.007s] /usr/lib/python3/dist-packages/setuptools/command/easy_install.py:158: EasyInstallDeprecationWarning: easy_install command is deprecated. Use build and pip and other standards-based tools.
[1.007s]   warnings.warn(
[1.080s] /usr/lib/python3/dist-packages/pkg_resources/__init__.py:116: PkgResourcesDeprecationWarning: 2.22.1ubuntu1 is an invalid version and will not be supported in a future release
[1.080s]   warnings.warn(
[1.080s] /usr/lib/python3/dist-packages/pkg_resources/__init__.py:116: PkgResourcesDeprecationWarning: 11.4.1ubuntu1 is an invalid version and will not be supported in a future release
[1.080s]   warnings.warn(
[1.216s] running egg_info
[1.216s] creating control_cmd_publisher.egg-info
[1.216s] writing control_cmd_publisher.egg-info/PKG-INFO
[1.216s] writing dependency_links to control_cmd_publisher.egg-info/dependency_links.txt
[1.216s] writing entry points to control_cmd_publisher.egg-info/entry_points.txt
[1.216s] writing requirements to control_cmd_publisher.egg-info/requires.txt
[1.217s] writing top-level names to control_cmd_publisher.egg-info/top_level.txt
[1.220s] writing manifest file 'control_cmd_publisher.egg-info/SOURCES.txt'
[1.221s] reading manifest file 'control_cmd_publisher.egg-info/SOURCES.txt'
[1.222s] writing manifest file 'control_cmd_publisher.egg-info/SOURCES.txt'
[1.223s] running build_ext
[1.223s] Creating /home/frozn/control_cmd_publisher/install/control_cmd_publisher/lib/python3.10/site-packages/control-cmd-publisher.egg-link (link to .)
[1.223s] Installing control_cmd_publisher script to /home/frozn/control_cmd_publisher/install/control_cmd_publisher/lib/control_cmd_publisher
[1.223s] 
[1.223s] Installed /home/frozn/control_cmd_publisher/build/control_cmd_publisher
[1.224s] running symlink_data
[1.224s] creating /home/frozn/control_cmd_publisher/install/control_cmd_publisher/share/ament_index
[1.224s] creating /home/frozn/control_cmd_publisher/install/control_cmd_publisher/share/ament_index/resource_index
[1.224s] creating /home/frozn/control_cmd_publisher/install/control_cmd_publisher/share/ament_index/resource_index/packages
[1.224s] symbolically linking /home/frozn/control_cmd_publisher/build/control_cmd_publisher/resource/control_cmd_publisher -> /home/frozn/control_cmd_publisher/install/control_cmd_publisher/share/ament_index/resource_index/packages
[1.224s] symbolically linking /home/frozn/control_cmd_publisher/build/control_cmd_publisher/package.xml -> /home/frozn/control_cmd_publisher/install/control_cmd_publisher/share/control_cmd_publisher
[1.242s] Invoked command in '/home/frozn/control_cmd_publisher/build/control_cmd_publisher' returned '0': PYTHONPATH=/home/frozn/control_cmd_publisher/build/control_cmd_publisher/prefix_override:/home/frozn/control_cmd_publisher/install/control_cmd_publisher/lib/python3.10/site-packages:${PYTHONPATH} /usr/bin/python3 -W ignore:setup.py install is deprecated setup.py develop --editable --build-directory /home/frozn/control_cmd_publisher/build/control_cmd_publisher/build --no-deps symlink_data
